<?xml version="1.0" encoding="UTF-8"?>
<testng-results ignored="0" total="1" passed="1" failed="0" skipped="0">
  <reporter-output>
  </reporter-output>
  <suite started-at="2023-11-30T02:46:08 EST" name="Suite1" finished-at="2023-11-30T02:46:11 EST" duration-ms="3076">
    <groups>
    </groups>
    <test started-at="2023-11-30T02:46:08 EST" name="com.Pages" finished-at="2023-11-30T02:46:11 EST" duration-ms="3076">
      <class name="com.PageTests.upLoadFileTest">
        <test-method is-config="true" signature="setUp(java.lang.String)[pri:0, instance:com.PageTests.upLoadFileTest@3972a855]" started-at="2023-11-30T02:46:08 EST" name="setUp" finished-at="2023-11-30T02:46:11 EST" duration-ms="2189" status="PASS">
          <params>
            <param index="0">
              <value>
                <![CDATA[chrome]]>
              </value>
            </param>
          </params>
          <reporter-output>
          </reporter-output>
        </test-method> <!-- setUp -->
        <test-method signature="getUploadFileTest()[pri:1, instance:com.PageTests.upLoadFileTest@3972a855]" started-at="2023-11-30T02:46:11 EST" name="getUploadFileTest" finished-at="2023-11-30T02:46:11 EST" duration-ms="216" status="PASS">
          <reporter-output>
          </reporter-output>
        </test-method> <!-- getUploadFileTest -->
        <test-method is-config="true" signature="tearDown()[pri:0, instance:com.PageTests.upLoadFileTest@3972a855]" started-at="2023-11-30T02:46:11 EST" name="tearDown" finished-at="2023-11-30T02:46:11 EST" duration-ms="612" status="PASS">
          <reporter-output>
          </reporter-output>
        </test-method> <!-- tearDown -->
      </class> <!-- com.PageTests.upLoadFileTest -->
    </test> <!-- com.Pages -->
  </suite> <!-- Suite1 -->
</testng-results>
